2025-12-09 21:39:53,407 - WARNING - discord.client - PyNaCl is not installed, voice will NOT be supported
2025-12-09 21:39:53,409 - INFO - discord.client - logging in using static token
2025-12-09 21:41:19,450 - WARNING - discord.client - PyNaCl is not installed, voice will NOT be supported
2025-12-09 21:41:19,451 - INFO - discord.client - logging in using static token
2025-12-09 21:41:20,156 - INFO - TreasureBot - Google Sheets client initialized.
2025-12-09 21:41:20,931 - INFO - discord.gateway - Shard ID None has connected to Gateway (Session ID: 6a151ca9fad1ae05509f4fd51549a8c9).
2025-12-09 21:41:22,937 - INFO - TreasureBot - Logged in as: Bitri#6316 (ID: 1420757262565249185)
2025-12-09 21:41:22,938 - INFO - TreasureBot - Bot is ready and listening.
2025-12-09 21:41:22,938 - INFO - TreasureBot - Updating cache from Google Sheets...
2025-12-09 21:41:33,672 - INFO - TreasureBot - Scan complete. 20 sheets processed.
2025-12-09 21:41:33,672 - INFO - TreasureBot - Cache updated: 5341 items loaded.
2025-12-09 21:41:57,679 - INFO - TreasureBot - Found festive tree for bitress
2025-12-09 21:51:08,165 - WARNING - discord.client - PyNaCl is not installed, voice will NOT be supported
2025-12-09 21:51:08,167 - INFO - discord.client - logging in using static token
2025-12-09 21:51:09,037 - INFO - TreasureBot - Google Sheets client initialized.
2025-12-09 21:51:10,082 - INFO - discord.gateway - Shard ID None has connected to Gateway (Session ID: 070bea7ede802b02f692d34e34427f76).
2025-12-09 21:51:12,090 - INFO - TreasureBot - Logged in as: Bitri#6316 (ID: 1420757262565249185)
2025-12-09 21:51:12,090 - INFO - TreasureBot - Bot is ready and listening.
2025-12-09 21:51:12,090 - INFO - TreasureBot - Updating cache from Google Sheets...
2025-12-09 21:51:25,305 - INFO - TreasureBot - Scan complete. 20 sheets processed.
2025-12-09 21:51:25,306 - INFO - TreasureBot - Cache updated: 5341 items loaded.
2025-12-09 21:51:45,787 - INFO - TreasureBot - Found festive tree for bitress
2025-12-09 21:52:27,731 - INFO - TreasureBot - Found bubblegum for bitress
2025-12-09 21:52:37,366 - INFO - TreasureBot - Found nmt for bitress
2025-12-09 21:53:45,853 - WARNING - discord.client - PyNaCl is not installed, voice will NOT be supported
2025-12-09 21:53:45,855 - INFO - discord.client - logging in using static token
2025-12-09 21:53:46,681 - INFO - TreasureBot - Google Sheets client initialized.
2025-12-09 21:53:47,714 - INFO - discord.gateway - Shard ID None has connected to Gateway (Session ID: 33acc0a1e239aa66052c8e0665f9f85c).
2025-12-09 21:53:49,819 - INFO - TreasureBot - Logged in as: Bitri#6316 (ID: 1420757262565249185)
2025-12-09 21:53:49,819 - INFO - TreasureBot - Bot is ready and listening.
2025-12-09 21:53:49,820 - INFO - TreasureBot - Updating cache from Google Sheets...
2025-12-09 21:54:02,834 - INFO - TreasureBot - Scan complete. 20 sheets processed.
2025-12-09 21:54:02,835 - INFO - TreasureBot - Cache updated: 5341 items loaded.
2025-12-09 21:54:11,401 - INFO - TreasureBot - Served nmt to bitress
2025-12-09 21:54:59,520 - INFO - TreasureBot - Scan complete. 20 sheets processed.
